{
  "stats": {
    "suites": 8,
    "tests": 33,
    "passes": 33,
    "pending": 0,
    "failures": 0,
    "start": "2024-07-16T10:59:37.716Z",
    "end": "2024-07-16T11:00:23.050Z",
    "duration": 45334,
    "testsRegistered": 33,
    "passPercent": 100,
    "pendingPercent": 0,
    "other": 0,
    "hasOther": false,
    "skipped": 0,
    "hasSkipped": false
  },
  "results": [
    {
      "uuid": "8ff52bff-749e-4dab-be3a-467446a8a9e4",
      "title": "",
      "fullFile": "cypress/e2e/hillellTest.cy.js",
      "file": "cypress/e2e/hillellTest.cy.js",
      "beforeHooks": [],
      "afterHooks": [],
      "tests": [],
      "suites": [
        {
          "uuid": "006680ef-f3c1-444c-bed5-edfcfef3f91f",
          "title": "Hillel basic test suite",
          "fullFile": "",
          "file": "",
          "beforeHooks": [],
          "afterHooks": [],
          "tests": [
            {
              "title": "Check title of the page",
              "fullTitle": "Hillel basic test suite Check title of the page",
              "timedOut": null,
              "duration": 1467,
              "state": "passed",
              "speed": "fast",
              "pass": true,
              "fail": false,
              "pending": false,
              "context": null,
              "code": "cy.title().should('include', 'Hillel Qauto');",
              "err": {},
              "uuid": "c27d4672-56b9-4b48-8c78-8fcc65ea305d",
              "parentUUID": "006680ef-f3c1-444c-bed5-edfcfef3f91f",
              "isHook": false,
              "skipped": false
            },
            {
              "title": "Get all of the elements",
              "fullTitle": "Hillel basic test suite Get all of the elements",
              "timedOut": null,
              "duration": 431,
              "state": "passed",
              "speed": "fast",
              "pass": true,
              "fail": false,
              "pending": false,
              "context": null,
              "code": "cy.get('*').then(elements => {\n  const allElements = elements;\n  console.log(allElements);\n});",
              "err": {},
              "uuid": "0bc1f32e-c753-4612-8985-7762ee67d59a",
              "parentUUID": "006680ef-f3c1-444c-bed5-edfcfef3f91f",
              "isHook": false,
              "skipped": false
            },
            {
              "title": "Check header elements",
              "fullTitle": "Hillel basic test suite Check header elements",
              "timedOut": null,
              "duration": 337,
              "state": "passed",
              "speed": "fast",
              "pass": true,
              "fail": false,
              "pending": false,
              "context": null,
              "code": "_pages.customMethods.checkVisibility(_pages.welcomePageHeader.hillelLogo);\n_pages.customMethods.checkVisibilityPlaceholder(_pages.welcomePageHeader.homeButton);\n_pages.customMethods.checkVisibilityPlaceholder(_pages.welcomePageHeader.aboutButton);\n_pages.customMethods.checkVisibilityPlaceholder(_pages.welcomePageHeader.contactsButton);\n_pages.customMethods.checkVisibility(_pages.welcomePageHeader.guestButton);\n_pages.customMethods.CheckText(_pages.welcomePageHeader.guestButton, _pages.welcomePageHeader.guestButtonText);\n_pages.customMethods.checkVisibility(_pages.welcomePageHeader.signInButton);\n_pages.customMethods.CheckText(_pages.welcomePageHeader.signInButton, _pages.welcomePageHeader.signInButtonText);",
              "err": {},
              "uuid": "e7d0b0f1-782e-4267-a088-8056e98add2d",
              "parentUUID": "006680ef-f3c1-444c-bed5-edfcfef3f91f",
              "isHook": false,
              "skipped": false
            },
            {
              "title": "Check body elements",
              "fullTitle": "Hillel basic test suite Check body elements",
              "timedOut": null,
              "duration": 450,
              "state": "passed",
              "speed": "fast",
              "pass": true,
              "fail": false,
              "pending": false,
              "context": null,
              "code": "_pages.customMethods.checkVisibilityPlaceholder(_pages.welcomePageBody.doMoreText);\n_pages.customMethods.checkVisibility(_pages.welcomePageBody.descriptionBodyText);\n_pages.customMethods.CheckText(_pages.welcomePageBody.descriptionBodyText, _pages.welcomePageBody.descriptionBodyTextPlaceholder);\n_pages.customMethods.checkVisibility(_pages.welcomePageBody.signUpButton);\n_pages.customMethods.CheckText(_pages.welcomePageBody.signUpButton, _pages.welcomePageBody.signUpButtonText);\n_pages.customMethods.checkVisibilityXpath(_pages.welcomePageBody.videoFrame);\n_pages.customMethods.checkVisibility(_pages.welcomePageBody.fuelExpenses);\n_pages.customMethods.checkVisibility(_pages.welcomePageBody.instructionsAndManuals);\n_pages.customMethods.CheckText(_pages.welcomePageBody.instructionsAndManuals, _pages.welcomePageBody.instructionsAndManualsText);\n_pages.customMethods.checkVisibility(_pages.welcomePageBody.instructionsAndManualsDescription);\n_pages.customMethods.checkVisibility(_pages.welcomePageBody.instructionsAndManualsDescription, _pages.welcomePageBody.instructionsAndManualsDescriptionText);\n_pages.customMethods.checkVisibility(_pages.welcomePageBody.instructionsImage);\n_pages.customMethods.checkVisibility(_pages.welcomePageBody.logFuelExpenses);\n_pages.customMethods.CheckText(_pages.welcomePageBody.logFuelExpenses, _pages.welcomePageBody.logFuelExpensesText);\n_pages.customMethods.checkVisibility(_pages.welcomePageBody.fuelExpensesDescription);\n_pages.customMethods.CheckText(_pages.welcomePageBody.fuelExpensesDescription, _pages.welcomePageBody.fuelExpensesDescriptionText);\n_pages.customMethods.checkVisibility(_pages.welcomePageBody.fuelExpensesDescription);",
              "err": {},
              "uuid": "dd7082a2-78c7-4496-b11d-24f6b5e15508",
              "parentUUID": "006680ef-f3c1-444c-bed5-edfcfef3f91f",
              "isHook": false,
              "skipped": false
            },
            {
              "title": "Check footer elements",
              "fullTitle": "Hillel basic test suite Check footer elements",
              "timedOut": null,
              "duration": 431,
              "state": "passed",
              "speed": "fast",
              "pass": true,
              "fail": false,
              "pending": false,
              "context": null,
              "code": "_pages.customMethods.checkVisibility(_pages.welcomePageFooter.facebookButton);\n_pages.customMethods.checkVisibility(_pages.welcomePageFooter.telegramButton);\n_pages.customMethods.checkVisibility(_pages.welcomePageFooter.youtubeButton);\n_pages.customMethods.checkVisibility(_pages.welcomePageFooter.instagramButton);\n_pages.customMethods.checkVisibility(_pages.welcomePageFooter.linkedinButton);\n_pages.customMethods.checkVisibility(_pages.welcomePageFooter.ithillelLink);\n_pages.customMethods.CheckText(_pages.welcomePageFooter.ithillelLink, _pages.welcomePageFooter.ithillelLinkText);\n_pages.customMethods.checkVisibility(_pages.welcomePageFooter.supporLink);\n_pages.customMethods.CheckText(_pages.welcomePageFooter.supporLink, _pages.welcomePageFooter.supporLinkText);\n_pages.customMethods.checkVisibility(_pages.welcomePageFooter.copyright);\n_pages.customMethods.CheckText(_pages.welcomePageFooter.copyright, _pages.welcomePageFooter.copyrightText);\n_pages.customMethods.checkVisibility(_pages.welcomePageFooter.copyrightDescription);\n_pages.customMethods.CheckText(_pages.welcomePageFooter.copyrightDescription, _pages.welcomePageFooter.copyrightDescriptionText);\n_pages.customMethods.checkVisibilityXpath(_pages.welcomePageFooter.logo);",
              "err": {},
              "uuid": "81d5980d-e5e2-4470-bfca-97c46d0ed0b0",
              "parentUUID": "006680ef-f3c1-444c-bed5-edfcfef3f91f",
              "isHook": false,
              "skipped": false
            }
          ],
          "suites": [],
          "passes": [
            "c27d4672-56b9-4b48-8c78-8fcc65ea305d",
            "0bc1f32e-c753-4612-8985-7762ee67d59a",
            "e7d0b0f1-782e-4267-a088-8056e98add2d",
            "dd7082a2-78c7-4496-b11d-24f6b5e15508",
            "81d5980d-e5e2-4470-bfca-97c46d0ed0b0"
          ],
          "failures": [],
          "pending": [],
          "skipped": [],
          "duration": 3116,
          "root": false,
          "rootEmpty": false,
          "_timeout": 2000
        },
        {
          "uuid": "e4c89dc7-777a-46c5-b2cc-827abef12d94",
          "title": "Positive Registration test suite",
          "fullFile": "",
          "file": "",
          "beforeHooks": [],
          "afterHooks": [],
          "tests": [
            {
              "title": "Check registration form to open",
              "fullTitle": "Positive Registration test suite Check registration form to open",
              "timedOut": null,
              "duration": 687,
              "state": "passed",
              "speed": "fast",
              "pass": true,
              "fail": false,
              "pending": false,
              "context": null,
              "code": "_pages.customMethods.clickOn(_pages.regForm.signUpBtn);\n_pages.customMethods.checkVisibility(_pages.regForm.nameField);",
              "err": {},
              "uuid": "2f4a458a-0c97-4892-9503-0b4ca91b46d8",
              "parentUUID": "e4c89dc7-777a-46c5-b2cc-827abef12d94",
              "isHook": false,
              "skipped": false
            },
            {
              "title": "Check if all of the fields are present",
              "fullTitle": "Positive Registration test suite Check if all of the fields are present",
              "timedOut": null,
              "duration": 412,
              "state": "passed",
              "speed": "fast",
              "pass": true,
              "fail": false,
              "pending": false,
              "context": null,
              "code": "_pages.customMethods.clickOn(_pages.regForm.signUpBtn);\nfor (let field of _pages.regForm.regFormArray) {\n  _pages.customMethods.checkVisibility(field);\n}",
              "err": {},
              "uuid": "6db8ec8c-cabf-4e54-88d1-26544f395db9",
              "parentUUID": "e4c89dc7-777a-46c5-b2cc-827abef12d94",
              "isHook": false,
              "skipped": false
            },
            {
              "title": "Check hover of \"Sign up\" button",
              "fullTitle": "Positive Registration test suite Check hover of \"Sign up\" button",
              "timedOut": null,
              "duration": 448,
              "state": "passed",
              "speed": "fast",
              "pass": true,
              "fail": false,
              "pending": false,
              "context": null,
              "code": "_pages.regForm.signUpColors.forEach(color => {\n  _pages.customMethods.checkHover(_pages.regForm.signUpBtn, color, 'rgb(2, 117, 216)');\n});",
              "err": {},
              "uuid": "74b15031-b2a6-4b34-b8d4-495a4a8ba054",
              "parentUUID": "e4c89dc7-777a-46c5-b2cc-827abef12d94",
              "isHook": false,
              "skipped": false
            },
            {
              "title": "Registration test valid data",
              "fullTitle": "Positive Registration test suite Registration test valid data",
              "timedOut": null,
              "duration": 1926,
              "state": "passed",
              "speed": "fast",
              "pass": true,
              "fail": false,
              "pending": false,
              "context": null,
              "code": "const randomEmail = _pages.customMethods.generateRandomEmail();\n_pages.customMethods.clickOn(_pages.regForm.signUpBtn);\n_pages.customMethods.typeIn(_pages.regForm.nameField, 'John');\n_pages.customMethods.typeIn(_pages.regForm.lastNameField, 'Doe');\n_pages.customMethods.typeIn(_pages.regForm.emailField, randomEmail);\n_pages.customMethods.writeToFile('randomEmail.txt', randomEmail);\ncy.fixture('fixtures.json').then(data => {\n  _pages.customMethods.typeIn(_pages.regForm.passwordField, data.password);\n  _pages.customMethods.typeIn(_pages.regForm.passRepeatField, data.password);\n});\n_pages.customMethods.clickOn(_pages.regForm.registerBtn);\n_pages.customMethods.checkVisibility(_pages.profile.addCarBtn);",
              "err": {},
              "uuid": "868abd5a-f2b8-477b-b774-42f58fe60cee",
              "parentUUID": "e4c89dc7-777a-46c5-b2cc-827abef12d94",
              "isHook": false,
              "skipped": false
            }
          ],
          "suites": [],
          "passes": [
            "2f4a458a-0c97-4892-9503-0b4ca91b46d8",
            "6db8ec8c-cabf-4e54-88d1-26544f395db9",
            "74b15031-b2a6-4b34-b8d4-495a4a8ba054",
            "868abd5a-f2b8-477b-b774-42f58fe60cee"
          ],
          "failures": [],
          "pending": [],
          "skipped": [],
          "duration": 3473,
          "root": false,
          "rootEmpty": false,
          "_timeout": 2000
        },
        {
          "uuid": "74e8729c-e245-4c7d-9a22-5dbfa6334b38",
          "title": "Negative Registration empty fields suite",
          "fullFile": "",
          "file": "",
          "beforeHooks": [],
          "afterHooks": [],
          "tests": [
            {
              "title": "Check error message for name empty field",
              "fullTitle": "Negative Registration empty fields suite Check error message for name empty field",
              "timedOut": null,
              "duration": 823,
              "state": "passed",
              "speed": "fast",
              "pass": true,
              "fail": false,
              "pending": false,
              "context": null,
              "code": "_pages.customMethods.typeInClear(_pages.regForm.nameField, '1');\n_pages.customMethods.clickOn(_pages.regForm.passRepeatField);\n_pages.customMethods.checkVisibilityXpath(_pages.regForm.nameReqErrEmpty);\n_pages.customMethods.checkDisabled(_pages.regForm.registerBtn);",
              "err": {},
              "uuid": "edec328f-da24-4bb7-b06f-53f04e763e1a",
              "parentUUID": "74e8729c-e245-4c7d-9a22-5dbfa6334b38",
              "isHook": false,
              "skipped": false
            },
            {
              "title": "Check Color of error message for empty repeat name field",
              "fullTitle": "Negative Registration empty fields suite Check Color of error message for empty repeat name field",
              "timedOut": null,
              "duration": 866,
              "state": "passed",
              "speed": "fast",
              "pass": true,
              "fail": false,
              "pending": false,
              "context": null,
              "code": "_pages.customMethods.typeInClear(_pages.regForm.nameField, '1');\n_pages.customMethods.clickOn(_pages.regForm.passRepeatField);\n_pages.customMethods.checkColor(_pages.regForm.nameField, 'border-color', 'rgb(220, 53, 69)');\n_pages.customMethods.checkColorXpath(_pages.regForm.nameReqErrEmpty, 'border-color', 'rgb(220, 53, 69)');\n_pages.customMethods.checkDisabled(_pages.regForm.registerBtn);",
              "err": {},
              "uuid": "01b2e5a0-aae8-4889-96dd-f050fa47a5bb",
              "parentUUID": "74e8729c-e245-4c7d-9a22-5dbfa6334b38",
              "isHook": false,
              "skipped": false
            },
            {
              "title": "Check error message for empty last name empty field",
              "fullTitle": "Negative Registration empty fields suite Check error message for empty last name empty field",
              "timedOut": null,
              "duration": 893,
              "state": "passed",
              "speed": "fast",
              "pass": true,
              "fail": false,
              "pending": false,
              "context": null,
              "code": "_pages.customMethods.typeInClear(_pages.regForm.lastNameField, '1');\n_pages.customMethods.clickOn(_pages.regForm.passRepeatField);\n_pages.customMethods.checkColor(_pages.regForm.lastNameField, 'border-color', 'rgb(220, 53, 69)');\n_pages.customMethods.checkColorXpath(_pages.regForm.lastNameFieldErrEmpty, 'border-color', 'rgb(220, 53, 69)');\n_pages.customMethods.checkDisabled(_pages.regForm.registerBtn);",
              "err": {},
              "uuid": "867bb685-6ca5-498a-8d52-a504796399bb",
              "parentUUID": "74e8729c-e245-4c7d-9a22-5dbfa6334b38",
              "isHook": false,
              "skipped": false
            },
            {
              "title": "Check error message for empty email empty field",
              "fullTitle": "Negative Registration empty fields suite Check error message for empty email empty field",
              "timedOut": null,
              "duration": 910,
              "state": "passed",
              "speed": "fast",
              "pass": true,
              "fail": false,
              "pending": false,
              "context": null,
              "code": "_pages.customMethods.typeInClear(_pages.regForm.emailField, '1');\n_pages.customMethods.clickOn(_pages.regForm.passRepeatField);\n_pages.customMethods.checkColor(_pages.regForm.emailField, 'border-color', 'rgb(220, 53, 69)');\n_pages.customMethods.checkColorXpath(_pages.regForm.emailFieldErrEmpty, 'border-color', 'rgb(220, 53, 69)');\n_pages.customMethods.checkDisabled(_pages.regForm.registerBtn);",
              "err": {},
              "uuid": "02da41d2-e200-47fe-af23-1cfaaddb17a2",
              "parentUUID": "74e8729c-e245-4c7d-9a22-5dbfa6334b38",
              "isHook": false,
              "skipped": false
            },
            {
              "title": "Check error message for empty password empty field",
              "fullTitle": "Negative Registration empty fields suite Check error message for empty password empty field",
              "timedOut": null,
              "duration": 923,
              "state": "passed",
              "speed": "fast",
              "pass": true,
              "fail": false,
              "pending": false,
              "context": null,
              "code": "_pages.customMethods.typeInClear(_pages.regForm.passwordField, '1');\n_pages.customMethods.clickOn(_pages.regForm.passRepeatField);\n_pages.customMethods.checkColor(_pages.regForm.passwordField, 'border-color', 'rgb(220, 53, 69)');\n_pages.customMethods.checkColorXpath(_pages.regForm.passwordFieldErrEmpty, 'border-color', 'rgb(220, 53, 69)');\n_pages.customMethods.checkDisabled(_pages.regForm.registerBtn);",
              "err": {},
              "uuid": "601092a9-12ad-44a6-96f5-e01e55ad20f5",
              "parentUUID": "74e8729c-e245-4c7d-9a22-5dbfa6334b38",
              "isHook": false,
              "skipped": false
            },
            {
              "title": "Check error message for empty password repeat empty field",
              "fullTitle": "Negative Registration empty fields suite Check error message for empty password repeat empty field",
              "timedOut": null,
              "duration": 946,
              "state": "passed",
              "speed": "fast",
              "pass": true,
              "fail": false,
              "pending": false,
              "context": null,
              "code": "_pages.customMethods.typeInClear(_pages.regForm.passRepeatField, '1');\n_pages.customMethods.clickOn(_pages.regForm.emailField);\n_pages.customMethods.checkColor(_pages.regForm.passRepeatField, 'border-color', 'rgb(220, 53, 69)');\n_pages.customMethods.checkColorXpath(_pages.regForm.passRepeatFieldErrEmpty, 'border-color', 'rgb(220, 53, 69)');\n_pages.customMethods.checkDisabled(_pages.regForm.registerBtn);",
              "err": {},
              "uuid": "7f7aa6db-5dc1-4dad-9f02-1f0b71c61105",
              "parentUUID": "74e8729c-e245-4c7d-9a22-5dbfa6334b38",
              "isHook": false,
              "skipped": false
            }
          ],
          "suites": [],
          "passes": [
            "edec328f-da24-4bb7-b06f-53f04e763e1a",
            "01b2e5a0-aae8-4889-96dd-f050fa47a5bb",
            "867bb685-6ca5-498a-8d52-a504796399bb",
            "02da41d2-e200-47fe-af23-1cfaaddb17a2",
            "601092a9-12ad-44a6-96f5-e01e55ad20f5",
            "7f7aa6db-5dc1-4dad-9f02-1f0b71c61105"
          ],
          "failures": [],
          "pending": [],
          "skipped": [],
          "duration": 5361,
          "root": false,
          "rootEmpty": false,
          "_timeout": 2000
        },
        {
          "uuid": "882d6acb-32f8-412e-b8a5-f552b7439352",
          "title": "Negative Registration wrong data suite",
          "fullFile": "",
          "file": "",
          "beforeHooks": [],
          "afterHooks": [],
          "tests": [
            {
              "title": "Check error message for invalid email",
              "fullTitle": "Negative Registration wrong data suite Check error message for invalid email",
              "timedOut": null,
              "duration": 1060,
              "state": "passed",
              "speed": "fast",
              "pass": true,
              "fail": false,
              "pending": false,
              "context": null,
              "code": "_pages.customMethods.typeIn(_pages.regForm.emailField, 'русский текст');\n_pages.customMethods.clickOn(_pages.regForm.passRepeatField);\n_pages.customMethods.checkColor(_pages.regForm.emailField, 'border-color', 'rgb(220, 53, 69)');\n_pages.customMethods.checkColorXpath(_pages.regForm.emailFieldErrInvalid, 'border-color', 'rgb(220, 53, 69)');\n_pages.customMethods.checkDisabled(_pages.regForm.registerBtn);",
              "err": {},
              "uuid": "a9177644-97bc-4f5c-959d-ad37f2cf89a4",
              "parentUUID": "882d6acb-32f8-412e-b8a5-f552b7439352",
              "isHook": false,
              "skipped": false
            },
            {
              "title": "Check error message for invalid name field",
              "fullTitle": "Negative Registration wrong data suite Check error message for invalid name field",
              "timedOut": null,
              "duration": 1086,
              "state": "passed",
              "speed": "fast",
              "pass": true,
              "fail": false,
              "pending": false,
              "context": null,
              "code": "_pages.customMethods.typeIn(_pages.regForm.nameField, 'русский текст');\n_pages.customMethods.clickOn(_pages.regForm.passRepeatField);\n_pages.customMethods.checkColor(_pages.regForm.nameField, 'border-color', 'rgb(220, 53, 69)');\n_pages.customMethods.checkColorXpath(_pages.regForm.nameFieldErrInvalid, 'border-color', 'rgb(220, 53, 69)');\n_pages.customMethods.checkDisabled(_pages.regForm.registerBtn);",
              "err": {},
              "uuid": "1c8da00f-70c2-45eb-8880-413c53039c56",
              "parentUUID": "882d6acb-32f8-412e-b8a5-f552b7439352",
              "isHook": false,
              "skipped": false
            },
            {
              "title": "Check error message for invalid last name field",
              "fullTitle": "Negative Registration wrong data suite Check error message for invalid last name field",
              "timedOut": null,
              "duration": 1023,
              "state": "passed",
              "speed": "fast",
              "pass": true,
              "fail": false,
              "pending": false,
              "context": null,
              "code": "_pages.customMethods.typeIn(_pages.regForm.lastNameField, 'русский текст');\n_pages.customMethods.clickOn(_pages.regForm.passRepeatField);\n_pages.customMethods.checkColor(_pages.regForm.lastNameField, 'border-color', 'rgb(220, 53, 69)');\n_pages.customMethods.checkColorXpath(_pages.regForm.lastNameFieldErrInvalid, 'border-color', 'rgb(220, 53, 69)');\n_pages.customMethods.checkDisabled(_pages.regForm.registerBtn);",
              "err": {},
              "uuid": "aa6f0405-118a-44cf-ae71-8c7486d765a0",
              "parentUUID": "882d6acb-32f8-412e-b8a5-f552b7439352",
              "isHook": false,
              "skipped": false
            },
            {
              "title": "Check error message for invalid password field",
              "fullTitle": "Negative Registration wrong data suite Check error message for invalid password field",
              "timedOut": null,
              "duration": 877,
              "state": "passed",
              "speed": "fast",
              "pass": true,
              "fail": false,
              "pending": false,
              "context": null,
              "code": "_pages.customMethods.typeIn(_pages.regForm.passwordField, '123');\n_pages.customMethods.clickOn(_pages.regForm.passRepeatField);\n_pages.customMethods.checkColor(_pages.regForm.passwordField, 'border-color', 'rgb(220, 53, 69)');\n_pages.customMethods.checkColorXpath(_pages.regForm.passwordFieldErrInvalid, 'border-color', 'rgb(220, 53, 69)');\n_pages.customMethods.checkDisabled(_pages.regForm.registerBtn);",
              "err": {},
              "uuid": "3dfb60b8-a6ed-45bf-aee8-305d38978a87",
              "parentUUID": "882d6acb-32f8-412e-b8a5-f552b7439352",
              "isHook": false,
              "skipped": false
            },
            {
              "title": "Check error message for invalid password repeat field",
              "fullTitle": "Negative Registration wrong data suite Check error message for invalid password repeat field",
              "timedOut": null,
              "duration": 1029,
              "state": "passed",
              "speed": "fast",
              "pass": true,
              "fail": false,
              "pending": false,
              "context": null,
              "code": "_pages.customMethods.typeIn(_pages.regForm.passRepeatField, '123');\n_pages.customMethods.clickOn(_pages.regForm.emailField);\n_pages.customMethods.checkColor(_pages.regForm.passRepeatField, 'border-color', 'rgb(220, 53, 69)');\n_pages.customMethods.checkColorXpath(_pages.regForm.passRepeatFieldErrInvalid, 'border-color', 'rgb(220, 53, 69)');\n_pages.customMethods.checkDisabled(_pages.regForm.registerBtn);",
              "err": {},
              "uuid": "905497e5-fda7-460a-acdf-60dd13638f69",
              "parentUUID": "882d6acb-32f8-412e-b8a5-f552b7439352",
              "isHook": false,
              "skipped": false
            },
            {
              "title": "Check password and repeat password do not match field",
              "fullTitle": "Negative Registration wrong data suite Check password and repeat password do not match field",
              "timedOut": null,
              "duration": 1048,
              "state": "passed",
              "speed": "fast",
              "pass": true,
              "fail": false,
              "pending": false,
              "context": null,
              "code": "_pages.customMethods.typeIn(_pages.regForm.passwordField, '193786Az()');\n_pages.customMethods.typeIn(_pages.regForm.passRepeatField, '193786Az');\n_pages.customMethods.clickOn(_pages.regForm.nameField);\n_pages.customMethods.checkColorXpath(_pages.regForm.passRepeatFieldErrMatch, 'border-color', 'rgb(220, 53, 69)');\n_pages.customMethods.checkDisabled(_pages.regForm.registerBtn);",
              "err": {},
              "uuid": "6f398577-2e14-4ff4-bc37-9c6335c4c9b9",
              "parentUUID": "882d6acb-32f8-412e-b8a5-f552b7439352",
              "isHook": false,
              "skipped": false
            }
          ],
          "suites": [],
          "passes": [
            "a9177644-97bc-4f5c-959d-ad37f2cf89a4",
            "1c8da00f-70c2-45eb-8880-413c53039c56",
            "aa6f0405-118a-44cf-ae71-8c7486d765a0",
            "3dfb60b8-a6ed-45bf-aee8-305d38978a87",
            "905497e5-fda7-460a-acdf-60dd13638f69",
            "6f398577-2e14-4ff4-bc37-9c6335c4c9b9"
          ],
          "failures": [],
          "pending": [],
          "skipped": [],
          "duration": 6123,
          "root": false,
          "rootEmpty": false,
          "_timeout": 2000
        },
        {
          "uuid": "cf8ea037-786c-40fa-be8c-174a01b166c7",
          "title": "Negative Registration invalid length suite",
          "fullFile": "",
          "file": "",
          "beforeHooks": [],
          "afterHooks": [],
          "tests": [
            {
              "title": "Check error message for wrong name length less than 2 field",
              "fullTitle": "Negative Registration invalid length suite Check error message for wrong name length less than 2 field",
              "timedOut": null,
              "duration": 840,
              "state": "passed",
              "speed": "fast",
              "pass": true,
              "fail": false,
              "pending": false,
              "context": null,
              "code": "_pages.customMethods.typeIn(_pages.regForm.nameField, '1');\n_pages.customMethods.clickOn(_pages.regForm.passRepeatField);\n_pages.customMethods.checkColor(_pages.regForm.nameField, 'border-color', 'rgb(220, 53, 69)');\n_pages.customMethods.checkColorXpath(_pages.regForm.nameFieldErrInvalidLength, 'border-color', 'rgb(220, 53, 69)');\n_pages.customMethods.checkDisabled(_pages.regForm.registerBtn);",
              "err": {},
              "uuid": "4d8172c4-9b35-459d-84fd-a3d6674656db",
              "parentUUID": "cf8ea037-786c-40fa-be8c-174a01b166c7",
              "isHook": false,
              "skipped": false
            },
            {
              "title": "Check error message for wrong last name length less than 2 field",
              "fullTitle": "Negative Registration invalid length suite Check error message for wrong last name length less than 2 field",
              "timedOut": null,
              "duration": 880,
              "state": "passed",
              "speed": "fast",
              "pass": true,
              "fail": false,
              "pending": false,
              "context": null,
              "code": "_pages.customMethods.typeIn(_pages.regForm.lastNameField, '1');\n_pages.customMethods.clickOn(_pages.regForm.passRepeatField);\n_pages.customMethods.checkColor(_pages.regForm.lastNameField, 'border-color', 'rgb(220, 53, 69)');\n_pages.customMethods.checkColorXpath(_pages.regForm.lastNameFieldErrInvalidLength, 'border-color', 'rgb(220, 53, 69)');\n_pages.customMethods.checkDisabled(_pages.regForm.registerBtn);",
              "err": {},
              "uuid": "2780cce7-807f-4c59-9a50-7af8df94d056",
              "parentUUID": "cf8ea037-786c-40fa-be8c-174a01b166c7",
              "isHook": false,
              "skipped": false
            },
            {
              "title": "Check error message for wrong email length more than 20 field",
              "fullTitle": "Negative Registration invalid length suite Check error message for wrong email length more than 20 field",
              "timedOut": null,
              "duration": 1624,
              "state": "passed",
              "speed": "fast",
              "pass": true,
              "fail": false,
              "pending": false,
              "context": null,
              "code": "_pages.customMethods.typeIn(_pages.regForm.nameField, 'afewfeawfawefawefawfeawefawefaewfaewfawefaefaewfawefawe');\n_pages.customMethods.clickOn(_pages.regForm.passRepeatField);\n_pages.customMethods.checkColor(_pages.regForm.nameField, 'border-color', 'rgb(220, 53, 69)');\n_pages.customMethods.checkColorXpath(_pages.regForm.nameFieldErrInvalidLength, 'border-color', 'rgb(220, 53, 69)');\n_pages.customMethods.checkDisabled(_pages.regForm.registerBtn);",
              "err": {},
              "uuid": "2def7503-ca01-483a-b23b-169babe3d8d5",
              "parentUUID": "cf8ea037-786c-40fa-be8c-174a01b166c7",
              "isHook": false,
              "skipped": false
            },
            {
              "title": "Check error message for wrong last name length more than 20 field",
              "fullTitle": "Negative Registration invalid length suite Check error message for wrong last name length more than 20 field",
              "timedOut": null,
              "duration": 1758,
              "state": "passed",
              "speed": "fast",
              "pass": true,
              "fail": false,
              "pending": false,
              "context": null,
              "code": "_pages.customMethods.typeIn(_pages.regForm.lastNameField, 'afewfeawfawefawefawfeawefawefaewfaewfawefaefaewfawefawe');\n_pages.customMethods.clickOn(_pages.regForm.passRepeatField);\n_pages.customMethods.checkColor(_pages.regForm.lastNameField, 'border-color', 'rgb(220, 53, 69)');\n_pages.customMethods.checkColorXpath(_pages.regForm.lastNameFieldErrInvalidLength, 'border-color', 'rgb(220, 53, 69)');\n_pages.customMethods.checkDisabled(_pages.regForm.registerBtn);",
              "err": {},
              "uuid": "5ed4bc7d-4d3c-4a9b-b493-090c7a5131e2",
              "parentUUID": "cf8ea037-786c-40fa-be8c-174a01b166c7",
              "isHook": false,
              "skipped": false
            },
            {
              "title": "Check error message for wrong password length less than 8 field",
              "fullTitle": "Negative Registration invalid length suite Check error message for wrong password length less than 8 field",
              "timedOut": null,
              "duration": 922,
              "state": "passed",
              "speed": "fast",
              "pass": true,
              "fail": false,
              "pending": false,
              "context": null,
              "code": "_pages.customMethods.typeIn(_pages.regForm.passwordField, '123');\n_pages.customMethods.clickOn(_pages.regForm.passRepeatField);\n_pages.customMethods.checkColor(_pages.regForm.passwordField, 'border-color', 'rgb(220, 53, 69)');\n_pages.customMethods.checkColorXpath(_pages.regForm.passwordFieldErrInvalid, 'border-color', 'rgb(220, 53, 69)');\n_pages.customMethods.checkDisabled(_pages.regForm.registerBtn);",
              "err": {},
              "uuid": "22ccfe63-7521-48a0-9bd7-9c8198412d94",
              "parentUUID": "cf8ea037-786c-40fa-be8c-174a01b166c7",
              "isHook": false,
              "skipped": false
            },
            {
              "title": "Check error message for wrong password length password repeat less than 8 field",
              "fullTitle": "Negative Registration invalid length suite Check error message for wrong password length password repeat less than 8 field",
              "timedOut": null,
              "duration": 899,
              "state": "passed",
              "speed": "fast",
              "pass": true,
              "fail": false,
              "pending": false,
              "context": null,
              "code": "_pages.customMethods.typeIn(_pages.regForm.passRepeatField, '123');\n_pages.customMethods.clickOn(_pages.regForm.emailField);\n_pages.customMethods.checkColor(_pages.regForm.passRepeatField, 'border-color', 'rgb(220, 53, 69)');\n_pages.customMethods.checkColorXpath(_pages.regForm.passRepeatFieldErrInvalid, 'border-color', 'rgb(220, 53, 69)');\n_pages.customMethods.checkDisabled(_pages.regForm.registerBtn);",
              "err": {},
              "uuid": "295d47fa-204a-476d-953f-0374792539ed",
              "parentUUID": "cf8ea037-786c-40fa-be8c-174a01b166c7",
              "isHook": false,
              "skipped": false
            },
            {
              "title": "Check error message for wrong password length more than 15 field",
              "fullTitle": "Negative Registration invalid length suite Check error message for wrong password length more than 15 field",
              "timedOut": null,
              "duration": 1214,
              "state": "passed",
              "speed": "fast",
              "pass": true,
              "fail": false,
              "pending": false,
              "context": null,
              "code": "_pages.customMethods.typeIn(_pages.regForm.passwordField, '12345678910111213141516');\n_pages.customMethods.clickOn(_pages.regForm.passRepeatField);\n_pages.customMethods.checkColor(_pages.regForm.passwordField, 'border-color', 'rgb(220, 53, 69)');\n_pages.customMethods.checkColorXpath(_pages.regForm.passwordFieldErrInvalid, 'border-color', 'rgb(220, 53, 69)');\n_pages.customMethods.checkDisabled(_pages.regForm.registerBtn);",
              "err": {},
              "uuid": "69861db1-7239-4ed4-9836-134725911dfb",
              "parentUUID": "cf8ea037-786c-40fa-be8c-174a01b166c7",
              "isHook": false,
              "skipped": false
            },
            {
              "title": "Check error message for wrong password length password repeat more than 15 field",
              "fullTitle": "Negative Registration invalid length suite Check error message for wrong password length password repeat more than 15 field",
              "timedOut": null,
              "duration": 1141,
              "state": "passed",
              "speed": "fast",
              "pass": true,
              "fail": false,
              "pending": false,
              "context": null,
              "code": "_pages.customMethods.typeIn(_pages.regForm.passRepeatField, '12345678910111213141516');\n_pages.customMethods.clickOn(_pages.regForm.emailField);\n_pages.customMethods.checkColor(_pages.regForm.passRepeatField, 'border-color', 'rgb(220, 53, 69)');\n_pages.customMethods.checkColorXpath(_pages.regForm.passRepeatFieldErrInvalid, 'border-color', 'rgb(220, 53, 69)');\n_pages.customMethods.checkDisabled(_pages.regForm.registerBtn);",
              "err": {},
              "uuid": "6e8782a6-aefb-46bf-908d-0dce68912594",
              "parentUUID": "cf8ea037-786c-40fa-be8c-174a01b166c7",
              "isHook": false,
              "skipped": false
            },
            {
              "title": "Check full wrong info reg",
              "fullTitle": "Negative Registration invalid length suite Check full wrong info reg",
              "timedOut": null,
              "duration": 1803,
              "state": "passed",
              "speed": "fast",
              "pass": true,
              "fail": false,
              "pending": false,
              "context": null,
              "code": "_pages.customMethods.typeIn(_pages.regForm.nameField, '1');\n_pages.customMethods.typeIn(_pages.regForm.lastNameField, '1');\n_pages.customMethods.typeIn(_pages.regForm.emailField, '123456789012345678901');\n_pages.customMethods.typeIn(_pages.regForm.passwordField, '123');\n_pages.customMethods.typeIn(_pages.regForm.passRepeatField, '123A');\n_pages.customMethods.clickOn(_pages.regForm.nameField);\n_pages.customMethods.checkColor(_pages.regForm.nameField, 'border-color', 'rgb(220, 53, 69)');\n_pages.customMethods.checkColor(_pages.regForm.lastNameField, 'border-color', 'rgb(220, 53, 69)');\n_pages.customMethods.checkColor(_pages.regForm.emailField, 'border-color', 'rgb(220, 53, 69)');\n_pages.customMethods.checkColor(_pages.regForm.passwordField, 'border-color', 'rgb(220, 53, 69)');\n_pages.customMethods.checkColor(_pages.regForm.passRepeatField, 'border-color', 'rgb(220, 53, 69)');\n_pages.customMethods.checkDisabled(_pages.regForm.registerBtn);",
              "err": {},
              "uuid": "9a3e75fb-5678-403a-b330-e3668f647f2a",
              "parentUUID": "cf8ea037-786c-40fa-be8c-174a01b166c7",
              "isHook": false,
              "skipped": false
            }
          ],
          "suites": [],
          "passes": [
            "4d8172c4-9b35-459d-84fd-a3d6674656db",
            "2780cce7-807f-4c59-9a50-7af8df94d056",
            "2def7503-ca01-483a-b23b-169babe3d8d5",
            "5ed4bc7d-4d3c-4a9b-b493-090c7a5131e2",
            "22ccfe63-7521-48a0-9bd7-9c8198412d94",
            "295d47fa-204a-476d-953f-0374792539ed",
            "69861db1-7239-4ed4-9836-134725911dfb",
            "6e8782a6-aefb-46bf-908d-0dce68912594",
            "9a3e75fb-5678-403a-b330-e3668f647f2a"
          ],
          "failures": [],
          "pending": [],
          "skipped": [],
          "duration": 11081,
          "root": false,
          "rootEmpty": false,
          "_timeout": 2000
        },
        {
          "uuid": "8637e675-67ea-476d-9c11-5201fcd7cf69",
          "title": "Add car Positive",
          "fullFile": "",
          "file": "",
          "beforeHooks": [],
          "afterHooks": [],
          "tests": [
            {
              "title": "Choose a car",
              "fullTitle": "Add car Positive Choose a car",
              "timedOut": null,
              "duration": 3049,
              "state": "passed",
              "speed": "fast",
              "pass": true,
              "fail": false,
              "pending": false,
              "context": null,
              "code": "_pages.customMethods.clickOn(_Garage.default.garageElements.addCarBtn);\n_pages.customMethods.chooseRandomCar(_Garage.default.garageElements);\n_pages.customMethods.clickOnXpath(_Garage.default.garageElements.addBtn);",
              "err": {},
              "uuid": "57d61800-6861-4294-85ba-cbd0d3830013",
              "parentUUID": "8637e675-67ea-476d-9c11-5201fcd7cf69",
              "isHook": false,
              "skipped": false
            }
          ],
          "suites": [],
          "passes": [
            "57d61800-6861-4294-85ba-cbd0d3830013"
          ],
          "failures": [],
          "pending": [],
          "skipped": [],
          "duration": 3049,
          "root": false,
          "rootEmpty": false,
          "_timeout": 2000
        },
        {
          "uuid": "440f9183-5275-4338-9fb0-23f06de27a1a",
          "title": "Check adding expenses in garage",
          "fullFile": "",
          "file": "",
          "beforeHooks": [],
          "afterHooks": [],
          "tests": [
            {
              "title": "Add expense via garage",
              "fullTitle": "Check adding expenses in garage Add expense via garage",
              "timedOut": null,
              "duration": 3906,
              "state": "passed",
              "speed": "fast",
              "pass": true,
              "fail": false,
              "pending": false,
              "context": null,
              "code": "_pages.customMethods.visitPage(_pages.baseInfo.baseUrl);\n_pages.customMethods.LogIn(_pages.baseInfo.loginSpecsAndCreds);\n_pages.customMethods.clickOn(_Garage.default.garageElements.addCarBtn);\n_pages.customMethods.chooseRandomCar(_Garage.default.garageElements);\n_pages.customMethods.clickOnXpath(_Garage.default.garageElements.addBtn);\n_pages.customMethods.addFuelExpensesGarage(_FuelExpenses.default.expensesElements);",
              "err": {},
              "uuid": "6e32c970-310c-409d-b2f5-b8086b2415de",
              "parentUUID": "440f9183-5275-4338-9fb0-23f06de27a1a",
              "isHook": false,
              "skipped": false
            }
          ],
          "suites": [],
          "passes": [
            "6e32c970-310c-409d-b2f5-b8086b2415de"
          ],
          "failures": [],
          "pending": [],
          "skipped": [],
          "duration": 3906,
          "root": false,
          "rootEmpty": false,
          "_timeout": 2000
        },
        {
          "uuid": "0f92a776-3bba-4751-9bad-1c0be9dd7829",
          "title": "Check adding expenses in expenses tab",
          "fullFile": "",
          "file": "",
          "beforeHooks": [],
          "afterHooks": [],
          "tests": [
            {
              "title": "Add expense via expenses tab",
              "fullTitle": "Check adding expenses in expenses tab Add expense via expenses tab",
              "timedOut": null,
              "duration": 4377,
              "state": "passed",
              "speed": "fast",
              "pass": true,
              "fail": false,
              "pending": false,
              "context": null,
              "code": "_pages.customMethods.addFuelExpensesTab(_FuelExpenses.default.expensesElements);\n_pages.customMethods.checkVisibilityXpath(_FuelExpenses.default.expensesElements.reportExpenses);",
              "err": {},
              "uuid": "77681cdb-d0a3-4abd-afa8-9d7a8e46d6b1",
              "parentUUID": "0f92a776-3bba-4751-9bad-1c0be9dd7829",
              "isHook": false,
              "skipped": false
            }
          ],
          "suites": [],
          "passes": [
            "77681cdb-d0a3-4abd-afa8-9d7a8e46d6b1"
          ],
          "failures": [],
          "pending": [],
          "skipped": [],
          "duration": 4377,
          "root": false,
          "rootEmpty": false,
          "_timeout": 2000
        }
      ],
      "passes": [],
      "failures": [],
      "pending": [],
      "skipped": [],
      "duration": 0,
      "root": true,
      "rootEmpty": true,
      "_timeout": 2000
    }
  ],
  "meta": {
    "mocha": {
      "version": "7.0.1"
    },
    "mochawesome": {
      "options": {
        "quiet": false,
        "reportFilename": "mochawesome",
        "saveHtml": true,
        "saveJson": true,
        "consoleReporter": "spec",
        "useInlineDiffs": false,
        "code": true
      },
      "version": "7.1.3"
    },
    "marge": {
      "options": {
        "mochaFile": "results/my-test-output.xml",
        "toConsole": true
      },
      "version": "6.2.0"
    }
  }
}